<?xml version="1.0" encoding="utf-8"?><testsuites name="pytest tests"><testsuite name="pytest" errors="0" failures="1" skipped="0" tests="21" time="20.845" timestamp="2026-04-20T10:11:27.192852+00:00" hostname="agent-env-8c414fd4-9309-43ce-af3e-c79fa4f52089"><testcase classname="backend.tests.test_iteration7.TestAuth" name="test_login_success" time="0.873" /><testcase classname="backend.tests.test_iteration7.TestAuth" name="test_login_invalid" time="0.672" /><testcase classname="backend.tests.test_iteration7.TestAuth" name="test_me" time="0.930" /><testcase classname="backend.tests.test_iteration7.TestCompanies" name="test_create_company" time="0.360" /><testcase classname="backend.tests.test_iteration7.TestCompanies" name="test_list_companies" time="1.488" /><testcase classname="backend.tests.test_iteration7.TestCompanies" name="test_delete_company" time="0.603" /><testcase classname="backend.tests.test_iteration7.TestAssessmentFlow" name="test_create_company_and_assessment" time="0.865" /><testcase classname="backend.tests.test_iteration7.TestAssessmentFlow" name="test_start_assessment" time="6.371" /><testcase classname="backend.tests.test_iteration7.TestAssessmentFlow" name="test_send_chat_message" time="3.670" /><testcase classname="backend.tests.test_iteration7.TestAssessmentFlow" name="test_pdf_full_assessment_shape" time="0.380" /><testcase classname="backend.tests.test_iteration7.TestAssessmentFlow" name="test_cleanup_company" time="0.586" /><testcase classname="backend.tests.test_iteration7.TestQuickAssessment" name="test_quick_questions" time="0.051" /><testcase classname="backend.tests.test_iteration7.TestQuickAssessment" name="test_quick_submit_and_pdf" time="0.098"><failure message="AssertionError: {&quot;detail&quot;:[{&quot;type&quot;:&quot;missing&quot;,&quot;loc&quot;:[&quot;body&quot;,&quot;company_name&quot;],&quot;msg&quot;:&quot;Field required&quot;,&quot;input&quot;:{&quot;industry&quot;:&quot;Tech&quot;,&quot;respondent_name&quot;:&quot;TEST_Iter7_Quick&quot;,&quot;answers&quot;:{&quot;1&quot;:3,&quot;2&quot;:3,&quot;3&quot;:3,&quot;4&quot;:3,&quot;5&quot;:3,&quot;6&quot;:3,&quot;7&quot;:3,&quot;8&quot;:3,&quot;9&quot;:3,&quot;10&quot;:3,&quot;11&quot;:3,&quot;12&quot;:3,&quot;13&quot;:3,&quot;14&quot;:3,&quot;15&quot;:3}},&quot;url&quot;:&quot;https://errors.pydantic.dev/2.12/v/missing&quot;}]}&#10;assert 422 in (200, 201)&#10; +  where 422 = &lt;Response [422]&gt;.status_code">backend/tests/test_iteration7.py:174: in test_quick_submit_and_pdf
    assert sub.status_code in (200, 201), sub.text
E   AssertionError: {"detail":[{"type":"missing","loc":["body","company_name"],"msg":"Field required","input":{"industry":"Tech","respondent_name":"TEST_Iter7_Quick","answers":{"1":3,"2":3,"3":3,"4":3,"5":3,"6":3,"7":3,"8":3,"9":3,"10":3,"11":3,"12":3,"13":3,"14":3,"15":3}},"url":"https://errors.pydantic.dev/2.12/v/missing"}]}
E   assert 422 in (200, 201)
E    +  where 422 = &lt;Response [422]&gt;.status_code</failure></testcase><testcase classname="backend.tests.test_iteration7.TestAdmin" name="test_admin_stats" time="0.800" /><testcase classname="backend.tests.test_iteration7.TestAdmin" name="test_admin_assessments" time="0.728" /><testcase classname="backend.tests.test_iteration7.TestAdmin" name="test_admin_quick_assessments" time="0.362" /><testcase classname="backend.tests.test_iteration7.TestAdmin" name="test_admin_export_assessments" time="0.353" /><testcase classname="backend.tests.test_iteration7.TestAdmin" name="test_admin_export_quick" time="0.386" /><testcase classname="backend.tests.test_iteration7.TestNotifications" name="test_list" time="0.357" /><testcase classname="backend.tests.test_iteration7.TestNotifications" name="test_unread_count" time="0.347" /><testcase classname="backend.tests.test_iteration7" name="test_emergentintegrations_import_present" time="0.001" /></testsuite></testsuites>