<?xml version="1.0" encoding="utf-8"?><testsuites name="pytest tests"><testsuite name="pytest" errors="0" failures="0" skipped="0" tests="11" time="4.992" timestamp="2026-04-16T17:50:19.562919+00:00" hostname="agent-env-8c414fd4-9309-43ce-af3e-c79fa4f52089"><testcase classname="tests.test_glassmorphism_theme.TestHealthCheck" name="test_api_root" time="0.965" /><testcase classname="tests.test_glassmorphism_theme.TestAuthentication" name="test_login_success" time="0.433" /><testcase classname="tests.test_glassmorphism_theme.TestAuthentication" name="test_login_invalid_credentials" time="0.161" /><testcase classname="tests.test_glassmorphism_theme.TestAuthentication" name="test_auth_me_without_token" time="0.137" /><testcase classname="tests.test_glassmorphism_theme.TestDashboard" name="test_dashboard_stats" time="0.485" /><testcase classname="tests.test_glassmorphism_theme.TestCompanies" name="test_get_companies" time="0.486" /><testcase classname="tests.test_glassmorphism_theme.TestCompanies" name="test_create_company" time="0.519" /><testcase classname="tests.test_glassmorphism_theme.TestAssessments" name="test_get_assessments" time="0.514" /><testcase classname="tests.test_glassmorphism_theme.TestQuickAssessment" name="test_get_questions" time="0.220" /><testcase classname="tests.test_glassmorphism_theme.TestQuickAssessment" name="test_submit_quick_assessment" time="0.360" /><testcase classname="tests.test_glassmorphism_theme.TestQuickAssessment" name="test_get_quick_assessment_result" time="0.517" /></testsuite></testsuites>