<?xml version="1.0" encoding="utf-8"?><testsuites name="pytest tests"><testsuite name="pytest" errors="0" failures="1" skipped="0" tests="26" time="38.936" timestamp="2026-04-19T12:35:50.268517+00:00" hostname="agent-env-8c414fd4-9309-43ce-af3e-c79fa4f52089"><testcase classname="backend.tests.test_portfolio_health.TestHealthCheck" name="test_api_health" time="1.841" /><testcase classname="backend.tests.test_portfolio_health.TestAuthentication" name="test_login_admin_success" time="0.972" /><testcase classname="backend.tests.test_portfolio_health.TestAuthentication" name="test_login_invalid_credentials" time="0.554" /><testcase classname="backend.tests.test_portfolio_health.TestAuthentication" name="test_register_new_user" time="0.997" /><testcase classname="backend.tests.test_portfolio_health.TestAuthentication" name="test_register_duplicate_email" time="0.287" /><testcase classname="backend.tests.test_portfolio_health.TestAuthentication" name="test_auth_me_with_bearer_token" time="1.259" /><testcase classname="backend.tests.test_portfolio_health.TestAuthentication" name="test_auth_me_without_token" time="0.154" /><testcase classname="backend.tests.test_portfolio_health.TestCompanies" name="test_create_company" time="1.473" /><testcase classname="backend.tests.test_portfolio_health.TestCompanies" name="test_get_companies_with_assessment_counts" time="2.043" /><testcase classname="backend.tests.test_portfolio_health.TestCompanies" name="test_delete_company" time="2.479" /><testcase classname="backend.tests.test_portfolio_health.TestCompanies" name="test_delete_nonexistent_company" time="1.391" /><testcase classname="backend.tests.test_portfolio_health.TestAssessments" name="test_create_assessment" time="1.880" /><testcase classname="backend.tests.test_portfolio_health.TestAssessments" name="test_get_assessments" time="1.369" /><testcase classname="backend.tests.test_portfolio_health.TestAssessments" name="test_start_assessment" time="2.243"><failure message="AssertionError: Start assessment failed: {&quot;detail&quot;:&quot;Failed to start assessment&quot;}&#10;assert 500 == 200&#10; +  where 500 = &lt;Response [500]&gt;.status_code">backend/tests/test_portfolio_health.py:295: in test_start_assessment
    assert start_response.status_code == 200, f"Start assessment failed: {start_response.text}"
E   AssertionError: Start assessment failed: {"detail":"Failed to start assessment"}
E   assert 500 == 200
E    +  where 500 = &lt;Response [500]&gt;.status_code</failure></testcase><testcase classname="backend.tests.test_portfolio_health.TestNotifications" name="test_get_notifications" time="1.356" /><testcase classname="backend.tests.test_portfolio_health.TestNotifications" name="test_get_unread_count" time="1.375" /><testcase classname="backend.tests.test_portfolio_health.TestNotifications" name="test_mark_all_read" time="1.339" /><testcase classname="backend.tests.test_portfolio_health.TestAdminEndpoints" name="test_admin_get_all_assessments" time="1.664" /><testcase classname="backend.tests.test_portfolio_health.TestAdminEndpoints" name="test_admin_get_all_quick_assessments" time="1.323" /><testcase classname="backend.tests.test_portfolio_health.TestAdminEndpoints" name="test_admin_get_stats" time="1.843" /><testcase classname="backend.tests.test_portfolio_health.TestAdminEndpoints" name="test_admin_export_csv" time="1.422" /><testcase classname="backend.tests.test_portfolio_health.TestQuickAssessment" name="test_get_questions" time="0.183" /><testcase classname="backend.tests.test_portfolio_health.TestQuickAssessment" name="test_submit_quick_assessment" time="0.409" /><testcase classname="backend.tests.test_portfolio_health.TestQuickAssessment" name="test_quick_assessment_pdf" time="1.885" /><testcase classname="backend.tests.test_portfolio_health.TestDashboard" name="test_dashboard_stats" time="1.799" /><testcase classname="backend.tests.test_portfolio_health.TestCleanup" name="test_cleanup_test_companies" time="4.565" /></testsuite></testsuites>